Determining if the pthread_create exist failed with the following output:
Change Dir: /home/almosca/test/test_partI/build/CMakeFiles/CMakeTmp

Run Build Command:"/usr/bin/make" "cmTC_acdca/fast"
/usr/bin/make -f CMakeFiles/cmTC_acdca.dir/build.make CMakeFiles/cmTC_acdca.dir/build
make[1]: Entering directory '/home/almosca/test/test_partI/build/CMakeFiles/CMakeTmp'
Building C object CMakeFiles/cmTC_acdca.dir/CheckSymbolExists.c.o
/usr/bin/cc    -fPIC    -o CMakeFiles/cmTC_acdca.dir/CheckSymbolExists.c.o   -c /home/almosca/test/test_partI/build/CMakeFiles/CMakeTmp/CheckSymbolExists.c
Linking C executable cmTC_acdca
/usr/bin/cmake -E cmake_link_script CMakeFiles/cmTC_acdca.dir/link.txt --verbose=1
/usr/bin/cc  -fPIC     CMakeFiles/cmTC_acdca.dir/CheckSymbolExists.c.o  -o cmTC_acdca -rdynamic 
CMakeFiles/cmTC_acdca.dir/CheckSymbolExists.c.o: In function `main':
CheckSymbolExists.c:(.text+0x1b): undefined reference to `pthread_create'
collect2: error: ld returned 1 exit status
CMakeFiles/cmTC_acdca.dir/build.make:97: recipe for target 'cmTC_acdca' failed
make[1]: *** [cmTC_acdca] Error 1
make[1]: Leaving directory '/home/almosca/test/test_partI/build/CMakeFiles/CMakeTmp'
Makefile:126: recipe for target 'cmTC_acdca/fast' failed
make: *** [cmTC_acdca/fast] Error 2

File /home/almosca/test/test_partI/build/CMakeFiles/CMakeTmp/CheckSymbolExists.c:
/* */
#include <pthread.h>

int main(int argc, char** argv)
{
  (void)argv;
#ifndef pthread_create
  return ((int*)(&pthread_create))[argc];
#else
  (void)argc;
  return 0;
#endif
}

Determining if the function pthread_create exists in the pthreads failed with the following output:
Change Dir: /home/almosca/test/test_partI/build/CMakeFiles/CMakeTmp

Run Build Command:"/usr/bin/make" "cmTC_e8d1f/fast"
/usr/bin/make -f CMakeFiles/cmTC_e8d1f.dir/build.make CMakeFiles/cmTC_e8d1f.dir/build
make[1]: Entering directory '/home/almosca/test/test_partI/build/CMakeFiles/CMakeTmp'
Building C object CMakeFiles/cmTC_e8d1f.dir/CheckFunctionExists.c.o
/usr/bin/cc    -fPIC -DCHECK_FUNCTION_EXISTS=pthread_create   -o CMakeFiles/cmTC_e8d1f.dir/CheckFunctionExists.c.o   -c /usr/share/cmake-3.5/Modules/CheckFunctionExists.c
Linking C executable cmTC_e8d1f
/usr/bin/cmake -E cmake_link_script CMakeFiles/cmTC_e8d1f.dir/link.txt --verbose=1
/usr/bin/cc  -fPIC -DCHECK_FUNCTION_EXISTS=pthread_create    CMakeFiles/cmTC_e8d1f.dir/CheckFunctionExists.c.o  -o cmTC_e8d1f -rdynamic -lpthreads 
/usr/bin/ld: cannot find -lpthreads
collect2: error: ld returned 1 exit status
CMakeFiles/cmTC_e8d1f.dir/build.make:97: recipe for target 'cmTC_e8d1f' failed
make[1]: *** [cmTC_e8d1f] Error 1
make[1]: Leaving directory '/home/almosca/test/test_partI/build/CMakeFiles/CMakeTmp'
Makefile:126: recipe for target 'cmTC_e8d1f/fast' failed
make: *** [cmTC_e8d1f/fast] Error 2


